[2025-12-09T09:24:56.225+0000] {local_task_job_runner.py:120} INFO - ::group::Pre task execution logs
[2025-12-09T09:24:56.256+0000] {taskinstance.py:2076} INFO - Dependencies all met for dep_context=non-requeueable deps ti=<TaskInstance: weather_ingestion_planting_and_crop_stages.load_input_plots manual__2025-12-09T09:19:45.116999+00:00 [queued]>
[2025-12-09T09:24:56.271+0000] {taskinstance.py:2076} INFO - Dependencies all met for dep_context=requeueable deps ti=<TaskInstance: weather_ingestion_planting_and_crop_stages.load_input_plots manual__2025-12-09T09:19:45.116999+00:00 [queued]>
[2025-12-09T09:24:56.272+0000] {taskinstance.py:2306} INFO - Starting attempt 2 of 2
[2025-12-09T09:24:56.297+0000] {taskinstance.py:2330} INFO - Executing <Task(PythonOperator): load_input_plots> on 2025-12-09 09:19:45.116999+00:00
[2025-12-09T09:24:56.312+0000] {standard_task_runner.py:63} INFO - Started process 15907 to run task
[2025-12-09T09:24:56.318+0000] {standard_task_runner.py:90} INFO - Running: ['***', 'tasks', 'run', 'weather_ingestion_planting_and_crop_stages', 'load_input_plots', 'manual__2025-12-09T09:19:45.116999+00:00', '--job-id', '296', '--raw', '--subdir', 'DAGS_FOLDER/weather_ingestion_dag.py', '--cfg-path', '/tmp/tmp4ated5ym']
[2025-12-09T09:24:56.324+0000] {standard_task_runner.py:91} INFO - Job 296: Subtask load_input_plots
[2025-12-09T09:24:56.423+0000] {task_command.py:426} INFO - Running <TaskInstance: weather_ingestion_planting_and_crop_stages.load_input_plots manual__2025-12-09T09:19:45.116999+00:00 [running]> on host caef28cdc6b7
[2025-12-09T09:24:56.591+0000] {taskinstance.py:2648} INFO - Exporting env vars: AIRFLOW_CTX_DAG_EMAIL='kennedy@nuru.solutions' AIRFLOW_CTX_DAG_OWNER='***' AIRFLOW_CTX_DAG_ID='weather_ingestion_planting_and_crop_stages' AIRFLOW_CTX_TASK_ID='load_input_plots' AIRFLOW_CTX_EXECUTION_DATE='2025-12-09T09:19:45.116999+00:00' AIRFLOW_CTX_TRY_NUMBER='2' AIRFLOW_CTX_DAG_RUN_ID='manual__2025-12-09T09:19:45.116999+00:00'
[2025-12-09T09:24:56.593+0000] {taskinstance.py:430} INFO - ::endgroup::
[2025-12-09T09:24:56.698+0000] {logging_mixin.py:188} WARNING - /opt/***/dags/weather_ingestion_dag.py:114 FutureWarning: Series.fillna with 'method' is deprecated and will raise in a future version. Use obj.ffill() or obj.bfill() instead.
[2025-12-09T09:24:56.792+0000] {taskinstance.py:441} INFO - ::group::Post task execution logs
[2025-12-09T09:24:56.793+0000] {taskinstance.py:2905} ERROR - Task failed with exception
Traceback (most recent call last):
  File "/home/airflow/.local/lib/python3.10/site-packages/airflow/models/taskinstance.py", line 465, in _execute_task
    result = _execute_callable(context=context, **execute_callable_kwargs)
  File "/home/airflow/.local/lib/python3.10/site-packages/airflow/models/taskinstance.py", line 432, in _execute_callable
    return execute_callable(context=context, **execute_callable_kwargs)
  File "/home/airflow/.local/lib/python3.10/site-packages/airflow/models/baseoperator.py", line 401, in wrapper
    return func(self, *args, **kwargs)
  File "/home/airflow/.local/lib/python3.10/site-packages/airflow/operators/python.py", line 235, in execute
    return_value = self.execute_callable()
  File "/home/airflow/.local/lib/python3.10/site-packages/airflow/operators/python.py", line 252, in execute_callable
    return self.python_callable(*self.op_args, **self.op_kwargs)
  File "/opt/airflow/dags/weather_ingestion_dag.py", line 146, in load_input_plots
    plots = [PlotInput(**p) for p in plots_data]
  File "/opt/airflow/dags/weather_ingestion_dag.py", line 146, in <listcomp>
    plots = [PlotInput(**p) for p in plots_data]
  File "/home/airflow/.local/lib/python3.10/site-packages/pydantic/main.py", line 214, in __init__
    validated_self = self.__pydantic_validator__.validate_python(data, self_instance=self)
pydantic_core._pydantic_core.ValidationError: 1 validation error for PlotInput
season
  Input should be 'Short Rains' or 'Long Rains' [type=literal_error, input_value='Off Season', input_type=str]
    For further information visit https://errors.pydantic.dev/2.10/v/literal_error
[2025-12-09T09:24:56.826+0000] {taskinstance.py:1206} INFO - Marking task as FAILED. dag_id=weather_ingestion_planting_and_crop_stages, task_id=load_input_plots, run_id=manual__2025-12-09T09:19:45.116999+00:00, execution_date=20251209T091945, start_date=20251209T092456, end_date=20251209T092456
[2025-12-09T09:24:56.861+0000] {logging_mixin.py:188} WARNING - /home/***/.local/lib/python3.10/site-packages/***/utils/email.py:154 RemovedInAirflow3Warning: Fetching SMTP credentials from configuration variables will be deprecated in a future release. Please set credentials using a connection instead.
[2025-12-09T09:24:56.862+0000] {configuration.py:1050} WARNING - section/key [smtp/smtp_user] not found in config
[2025-12-09T09:24:56.863+0000] {email.py:271} INFO - Email alerting: attempt 1
[2025-12-09T09:24:56.887+0000] {configuration.py:1050} WARNING - section/key [smtp/smtp_user] not found in config
[2025-12-09T09:24:56.887+0000] {email.py:271} INFO - Email alerting: attempt 1
[2025-12-09T09:24:56.892+0000] {taskinstance.py:879} ERROR - Failed to send email to: ['kennedy@nuru.solutions']
Traceback (most recent call last):
  File "/home/airflow/.local/lib/python3.10/site-packages/airflow/models/taskinstance.py", line 2479, in _run_raw_task
    self._execute_task_with_callbacks(context, test_mode, session=session)
  File "/home/airflow/.local/lib/python3.10/site-packages/airflow/models/taskinstance.py", line 2676, in _execute_task_with_callbacks
    result = self._execute_task(context, task_orig)
  File "/home/airflow/.local/lib/python3.10/site-packages/airflow/models/taskinstance.py", line 2701, in _execute_task
    return _execute_task(self, context, task_orig)
  File "/home/airflow/.local/lib/python3.10/site-packages/airflow/models/taskinstance.py", line 465, in _execute_task
    result = _execute_callable(context=context, **execute_callable_kwargs)
  File "/home/airflow/.local/lib/python3.10/site-packages/airflow/models/taskinstance.py", line 432, in _execute_callable
    return execute_callable(context=context, **execute_callable_kwargs)
  File "/home/airflow/.local/lib/python3.10/site-packages/airflow/models/baseoperator.py", line 401, in wrapper
    return func(self, *args, **kwargs)
  File "/home/airflow/.local/lib/python3.10/site-packages/airflow/operators/python.py", line 235, in execute
    return_value = self.execute_callable()
  File "/home/airflow/.local/lib/python3.10/site-packages/airflow/operators/python.py", line 252, in execute_callable
    return self.python_callable(*self.op_args, **self.op_kwargs)
  File "/opt/airflow/dags/weather_ingestion_dag.py", line 146, in load_input_plots
    plots = [PlotInput(**p) for p in plots_data]
  File "/opt/airflow/dags/weather_ingestion_dag.py", line 146, in <listcomp>
    plots = [PlotInput(**p) for p in plots_data]
  File "/home/airflow/.local/lib/python3.10/site-packages/pydantic/main.py", line 214, in __init__
    validated_self = self.__pydantic_validator__.validate_python(data, self_instance=self)
pydantic_core._pydantic_core.ValidationError: 1 validation error for PlotInput
season
  Input should be 'Short Rains' or 'Long Rains' [type=literal_error, input_value='Off Season', input_type=str]
    For further information visit https://errors.pydantic.dev/2.10/v/literal_error

During handling of the above exception, another exception occurred:

Traceback (most recent call last):
  File "/home/airflow/.local/lib/python3.10/site-packages/airflow/models/taskinstance.py", line 1063, in _email_alert
    send_email(task.email, subject, html_content)
  File "/home/airflow/.local/lib/python3.10/site-packages/airflow/utils/email.py", line 80, in send_email
    return backend(
  File "/home/airflow/.local/lib/python3.10/site-packages/airflow/utils/email.py", line 154, in send_email_smtp
    send_mime_email(e_from=mail_from, e_to=recipients, mime_msg=msg, conn_id=conn_id, dryrun=dryrun)
  File "/home/airflow/.local/lib/python3.10/site-packages/airflow/utils/email.py", line 273, in send_mime_email
    smtp_conn = _get_smtp_connection(smtp_host, smtp_port, smtp_timeout, smtp_ssl)
  File "/home/airflow/.local/lib/python3.10/site-packages/airflow/utils/email.py", line 317, in _get_smtp_connection
    return smtplib.SMTP(host=host, port=port, timeout=timeout)
  File "/usr/local/lib/python3.10/smtplib.py", line 255, in __init__
    (code, msg) = self.connect(host, port)
  File "/usr/local/lib/python3.10/smtplib.py", line 341, in connect
    self.sock = self._get_socket(host, port, self.timeout)
  File "/usr/local/lib/python3.10/smtplib.py", line 312, in _get_socket
    return socket.create_connection((host, port), timeout,
  File "/usr/local/lib/python3.10/socket.py", line 845, in create_connection
    raise err
  File "/usr/local/lib/python3.10/socket.py", line 833, in create_connection
    sock.connect(sa)
ConnectionRefusedError: [Errno 111] Connection refused

During handling of the above exception, another exception occurred:

Traceback (most recent call last):
  File "/home/airflow/.local/lib/python3.10/site-packages/airflow/models/taskinstance.py", line 877, in _handle_failure
    task_instance.email_alert(error, failure_context["task"])
  File "/home/airflow/.local/lib/python3.10/site-packages/airflow/models/taskinstance.py", line 3163, in email_alert
    _email_alert(task_instance=self, exception=exception, task=task)
  File "/home/airflow/.local/lib/python3.10/site-packages/airflow/models/taskinstance.py", line 1065, in _email_alert
    send_email(task.email, subject, html_content_err)
  File "/home/airflow/.local/lib/python3.10/site-packages/airflow/utils/email.py", line 80, in send_email
    return backend(
  File "/home/airflow/.local/lib/python3.10/site-packages/airflow/utils/email.py", line 154, in send_email_smtp
    send_mime_email(e_from=mail_from, e_to=recipients, mime_msg=msg, conn_id=conn_id, dryrun=dryrun)
  File "/home/airflow/.local/lib/python3.10/site-packages/airflow/utils/email.py", line 273, in send_mime_email
    smtp_conn = _get_smtp_connection(smtp_host, smtp_port, smtp_timeout, smtp_ssl)
  File "/home/airflow/.local/lib/python3.10/site-packages/airflow/utils/email.py", line 317, in _get_smtp_connection
    return smtplib.SMTP(host=host, port=port, timeout=timeout)
  File "/usr/local/lib/python3.10/smtplib.py", line 255, in __init__
    (code, msg) = self.connect(host, port)
  File "/usr/local/lib/python3.10/smtplib.py", line 341, in connect
    self.sock = self._get_socket(host, port, self.timeout)
  File "/usr/local/lib/python3.10/smtplib.py", line 312, in _get_socket
    return socket.create_connection((host, port), timeout,
  File "/usr/local/lib/python3.10/socket.py", line 845, in create_connection
    raise err
  File "/usr/local/lib/python3.10/socket.py", line 833, in create_connection
    sock.connect(sa)
ConnectionRefusedError: [Errno 111] Connection refused
[2025-12-09T09:24:56.946+0000] {standard_task_runner.py:110} ERROR - Failed to execute job 296 for task load_input_plots (1 validation error for PlotInput
season
  Input should be 'Short Rains' or 'Long Rains' [type=literal_error, input_value='Off Season', input_type=str]
    For further information visit https://errors.pydantic.dev/2.10/v/literal_error; 15907)
[2025-12-09T09:24:56.973+0000] {local_task_job_runner.py:240} INFO - Task exited with return code 1
[2025-12-09T09:24:57.044+0000] {taskinstance.py:3503} INFO - 0 downstream tasks scheduled from follow-on schedule check
[2025-12-09T09:24:57.059+0000] {local_task_job_runner.py:222} INFO - ::endgroup::
